
--- Pruning Level [1:0/10]: ---
classifier.0.weight  | nonzeros =  235200 /  235200 (100.00%) | total_pruned =       0 | shape = (300, 784)
classifier.0.bias    | nonzeros =     300 /     300 (100.00%) | total_pruned =       0 | shape = (300,)
classifier.2.weight  | nonzeros =   30000 /   30000 (100.00%) | total_pruned =       0 | shape = (100, 300)
classifier.2.bias    | nonzeros =     100 /     100 (100.00%) | total_pruned =       0 | shape = (100,)
classifier.4.weight  | nonzeros =    1000 /    1000 (100.00%) | total_pruned =       0 | shape = (10, 100)
classifier.4.bias    | nonzeros =      10 /      10 (100.00%) | total_pruned =       0 | shape = (10,)
alive: 266610, pruned : 0, total: 266610, Compression rate :       1.00x  (  0.00% pruned)
classifier.0.weight
classifier.0.bias
classifier.2.weight
classifier.2.bias
classifier.4.weight
classifier.4.bias

--- Pruning Level [1:1/10]: ---
classifier.0.weight  | nonzeros =  170728 /  235200 ( 72.59%) | total_pruned =   64472 | shape = (300, 784)
classifier.0.bias    | nonzeros =     300 /     300 (100.00%) | total_pruned =       0 | shape = (300,)
classifier.2.weight  | nonzeros =   21770 /   30000 ( 72.57%) | total_pruned =    8230 | shape = (100, 300)
classifier.2.bias    | nonzeros =     100 /     100 (100.00%) | total_pruned =       0 | shape = (100,)
classifier.4.weight  | nonzeros =     864 /    1000 ( 86.40%) | total_pruned =     136 | shape = (10, 100)
classifier.4.bias    | nonzeros =      10 /      10 (100.00%) | total_pruned =       0 | shape = (10,)
alive: 193772, pruned : 72838, total: 266610, Compression rate :       1.38x  ( 27.32% pruned)
classifier.0.weight
classifier.0.bias
classifier.2.weight
classifier.2.bias
classifier.4.weight
classifier.4.bias

--- Pruning Level [1:2/10]: ---
classifier.0.weight  | nonzeros =  124143 /  235200 ( 52.78%) | total_pruned =  111057 | shape = (300, 784)
classifier.0.bias    | nonzeros =     300 /     300 (100.00%) | total_pruned =       0 | shape = (300,)
classifier.2.weight  | nonzeros =   15811 /   30000 ( 52.70%) | total_pruned =   14189 | shape = (100, 300)
classifier.2.bias    | nonzeros =     100 /     100 (100.00%) | total_pruned =       0 | shape = (100,)
classifier.4.weight  | nonzeros =     745 /    1000 ( 74.50%) | total_pruned =     255 | shape = (10, 100)
classifier.4.bias    | nonzeros =      10 /      10 (100.00%) | total_pruned =       0 | shape = (10,)
alive: 141109, pruned : 125501, total: 266610, Compression rate :       1.89x  ( 47.07% pruned)
classifier.0.weight
classifier.0.bias
classifier.2.weight
classifier.2.bias
classifier.4.weight
classifier.4.bias

--- Pruning Level [1:3/10]: ---
classifier.0.weight  | nonzeros =   90265 /  235200 ( 38.38%) | total_pruned =  144935 | shape = (300, 784)
classifier.0.bias    | nonzeros =     300 /     300 (100.00%) | total_pruned =       0 | shape = (300,)
classifier.2.weight  | nonzeros =   11499 /   30000 ( 38.33%) | total_pruned =   18501 | shape = (100, 300)
classifier.2.bias    | nonzeros =     100 /     100 (100.00%) | total_pruned =       0 | shape = (100,)
classifier.4.weight  | nonzeros =     644 /    1000 ( 64.40%) | total_pruned =     356 | shape = (10, 100)
classifier.4.bias    | nonzeros =      10 /      10 (100.00%) | total_pruned =       0 | shape = (10,)
alive: 102818, pruned : 163792, total: 266610, Compression rate :       2.59x  ( 61.44% pruned)
classifier.0.weight
classifier.0.bias
classifier.2.weight
classifier.2.bias
classifier.4.weight
classifier.4.bias

--- Pruning Level [1:4/10]: ---
classifier.0.weight  | nonzeros =   65509 /  235200 ( 27.85%) | total_pruned =  169691 | shape = (300, 784)
classifier.0.bias    | nonzeros =     300 /     300 (100.00%) | total_pruned =       0 | shape = (300,)
classifier.2.weight  | nonzeros =    8373 /   30000 ( 27.91%) | total_pruned =   21627 | shape = (100, 300)
classifier.2.bias    | nonzeros =     100 /     100 (100.00%) | total_pruned =       0 | shape = (100,)
classifier.4.weight  | nonzeros =     557 /    1000 ( 55.70%) | total_pruned =     443 | shape = (10, 100)
classifier.4.bias    | nonzeros =      10 /      10 (100.00%) | total_pruned =       0 | shape = (10,)
alive: 74849, pruned : 191761, total: 266610, Compression rate :       3.56x  ( 71.93% pruned)
classifier.0.weight
classifier.0.bias
classifier.2.weight
classifier.2.bias
classifier.4.weight
classifier.4.bias

--- Pruning Level [1:5/10]: ---
classifier.0.weight  | nonzeros =   47928 /  235200 ( 20.38%) | total_pruned =  187272 | shape = (300, 784)
classifier.0.bias    | nonzeros =     300 /     300 (100.00%) | total_pruned =       0 | shape = (300,)
classifier.2.weight  | nonzeros =    6135 /   30000 ( 20.45%) | total_pruned =   23865 | shape = (100, 300)
classifier.2.bias    | nonzeros =     100 /     100 (100.00%) | total_pruned =       0 | shape = (100,)
classifier.4.weight  | nonzeros =     480 /    1000 ( 48.00%) | total_pruned =     520 | shape = (10, 100)
classifier.4.bias    | nonzeros =      10 /      10 (100.00%) | total_pruned =       0 | shape = (10,)
alive: 54953, pruned : 211657, total: 266610, Compression rate :       4.85x  ( 79.39% pruned)
classifier.0.weight
classifier.0.bias
classifier.2.weight
classifier.2.bias
classifier.4.weight
classifier.4.bias

--- Pruning Level [1:6/10]: ---
classifier.0.weight  | nonzeros =   34742 /  235200 ( 14.77%) | total_pruned =  200458 | shape = (300, 784)
classifier.0.bias    | nonzeros =     300 /     300 (100.00%) | total_pruned =       0 | shape = (300,)
classifier.2.weight  | nonzeros =    4454 /   30000 ( 14.85%) | total_pruned =   25546 | shape = (100, 300)
classifier.2.bias    | nonzeros =     100 /     100 (100.00%) | total_pruned =       0 | shape = (100,)
classifier.4.weight  | nonzeros =     414 /    1000 ( 41.40%) | total_pruned =     586 | shape = (10, 100)
classifier.4.bias    | nonzeros =      10 /      10 (100.00%) | total_pruned =       0 | shape = (10,)
alive: 40020, pruned : 226590, total: 266610, Compression rate :       6.66x  ( 84.99% pruned)
classifier.0.weight
classifier.0.bias
classifier.2.weight
classifier.2.bias
classifier.4.weight
classifier.4.bias

--- Pruning Level [1:7/10]: ---
classifier.0.weight  | nonzeros =   25187 /  235200 ( 10.71%) | total_pruned =  210013 | shape = (300, 784)
classifier.0.bias    | nonzeros =     300 /     300 (100.00%) | total_pruned =       0 | shape = (300,)
classifier.2.weight  | nonzeros =    3229 /   30000 ( 10.76%) | total_pruned =   26771 | shape = (100, 300)
classifier.2.bias    | nonzeros =     100 /     100 (100.00%) | total_pruned =       0 | shape = (100,)
classifier.4.weight  | nonzeros =     358 /    1000 ( 35.80%) | total_pruned =     642 | shape = (10, 100)
classifier.4.bias    | nonzeros =      10 /      10 (100.00%) | total_pruned =       0 | shape = (10,)
alive: 29184, pruned : 237426, total: 266610, Compression rate :       9.14x  ( 89.05% pruned)
classifier.0.weight
classifier.0.bias
classifier.2.weight
classifier.2.bias
classifier.4.weight
classifier.4.bias

--- Pruning Level [1:8/10]: ---
classifier.0.weight  | nonzeros =   18255 /  235200 (  7.76%) | total_pruned =  216945 | shape = (300, 784)
classifier.0.bias    | nonzeros =     300 /     300 (100.00%) | total_pruned =       0 | shape = (300,)
classifier.2.weight  | nonzeros =    2340 /   30000 (  7.80%) | total_pruned =   27660 | shape = (100, 300)
classifier.2.bias    | nonzeros =     100 /     100 (100.00%) | total_pruned =       0 | shape = (100,)
classifier.4.weight  | nonzeros =     309 /    1000 ( 30.90%) | total_pruned =     691 | shape = (10, 100)
classifier.4.bias    | nonzeros =      10 /      10 (100.00%) | total_pruned =       0 | shape = (10,)
alive: 21314, pruned : 245296, total: 266610, Compression rate :      12.51x  ( 92.01% pruned)
